<?xml version="1.0" encoding="UTF-8"?>
<!-- Generated by org.testng.reporters.JUnitXMLReporter -->
<testsuite ignored="0" hostname="INW3GYDRL3-AAD" failures="0" tests="6" name="Default test" time="12.544" errors="0" timestamp="2023-08-08T19:54:08 IST">
  <testcase classname="api.test.DDTests" name="testDeleteUser" time="3.193"/>
  <testcase classname="api.test.DDTests" name="testDeleteUser" time="1.336"/>
  <testcase classname="api.test.DDTests" name="testDeleteUser" time="1.386"/>
  <testcase classname="api.test.DDTests" name="testPostUser" time="2.39"/>
  <testcase classname="api.test.DDTests" name="testPostUser" time="1.338"/>
  <testcase classname="api.test.DDTests" name="testPostUser" time="1.431"/>
</testsuite> <!-- Default test -->
