<?xml version="1.0" encoding="UTF-8"?>
<testsuite xmlns:xsi="http://www.w3.org/2001/XMLSchema-instance" xsi:noNamespaceSchemaLocation="https://maven.apache.org/surefire/maven-surefire-plugin/xsd/surefire-test-report-3.0.xsd" version="3.0" name="TestSuite" time="8.016" tests="4" errors="0" skipped="0" failures="0">
  <properties>
[...]
</properties>
  <testcase name="testPostUser" classname="api.test.UserTests" time="2.993">
    <system-out><![CDATA[*** Test Suite PetTest started ***
{"code":200,"type":"unknown","message":"2100440237"}
https://petstore.swagger.io/v2/user
]]></system-out>
  </testcase>
  <testcase name="testGetUserByName" classname="api.test.UserTests" time="1.334">
    <system-out><![CDATA[api.payload.User@52454457
]]></system-out>
    <system-err><![CDATA[{"id":2100440237,"username":"tomas.durgan","firstName":"Jermaine","lastName":"Hammes","email":"ahmed.mitchell@example.com","password":"h9u3cmf","phone":"088-025-8968","userStatus":0}
]]></system-err>
  </testcase>
  <testcase name="testUpdateUserByName" classname="api.test.UserTests" time="1.282">
    <system-out><![CDATA[api.payload.User@52454457
]]></system-out>
    <system-err><![CDATA[{"code":200,"type":"unknown","message":"2100440237"}
]]></system-err>
  </testcase>
  <testcase name="testDeleteUserByName" classname="api.test.UserTests" time="1.283">
    <system-out><![CDATA[api.payload.User@52454457
https://petstore.swagger.io/v2/user/{username}
{"code":200,"type":"unknown","message":"tomas.durgan"}
]]></system-out>
    <system-err><![CDATA[{"code":200,"type":"unknown","message":"tomas.durgan"}
]]></system-err>
  </testcase>
</testsuite>