<?xml version="1.0" encoding="UTF-8"?>
<!-- Generated by org.testng.reporters.JUnitXMLReporter -->
<testsuite ignored="0" hostname="INW3GYDRL3-AAD" failures="0" tests="4" name="PetTest" time="7.521" errors="0" timestamp="2023-08-09T16:39:58 IST">
  <testcase classname="api.test.UserTests" name="testPostUser" time="2.993"/>
  <testcase classname="api.test.UserTests" name="testGetUserByName" time="1.324"/>
  <testcase classname="api.test.UserTests" name="testUpdateUserByName" time="1.288"/>
  <testcase classname="api.test.UserTests" name="testDeleteUserByName" time="1.282"/>
</testsuite> <!-- PetTest -->
