<?xml version="1.0" encoding="UTF-8"?>
<!-- Generated by org.testng.reporters.JUnitXMLReporter -->
<testsuite ignored="0" hostname="INW3GYDRL3-AAD" failures="0" tests="4" name="PetTest" time="7.926" errors="0" timestamp="2023-08-09T00:05:14 IST">
  <testcase classname="api.test.UserTests" name="testPostUser" time="3.239"/>
  <testcase classname="api.test.UserTests" name="testGetUserByName" time="1.318"/>
  <testcase classname="api.test.UserTests" name="testUpdateUserByName" time="1.327"/>
  <testcase classname="api.test.UserTests" name="testDeleteUserByName" time="1.311"/>
</testsuite> <!-- PetTest -->
